0 info it worked if it ends with ok
1 verbose cli [ 'C:\\Program Files\\nodejs\\node.exe',
1 verbose cli   'C:\\Program Files\\nodejs\\node_modules\\npm\\bin\\npm-cli.js',
1 verbose cli   'publish' ]
2 info using npm@3.8.3
3 info using node@v5.10.0
4 verbose publish [ '.' ]
5 silly cache add args [ '.', null ]
6 verbose cache add spec .
7 silly cache add parsed spec Result {
7 silly cache add   raw: '.',
7 silly cache add   scope: null,
7 silly cache add   name: null,
7 silly cache add   rawSpec: '.',
7 silly cache add   spec: 'C:\\Users\\Adam\\Google Drive\\Projects\\iterate.js',
7 silly cache add   type: 'directory' }
8 verbose addLocalDirectory C:\Users\Adam\AppData\Roaming\npm-cache\iterate-js\1.0.0\package.tgz not in flight; packing
9 verbose correctMkdir C:\Users\Adam\AppData\Roaming\npm-cache correctMkdir not in flight; initializing
10 info lifecycle iterate-js@1.0.0~prepublish: iterate-js@1.0.0
11 silly lifecycle iterate-js@1.0.0~prepublish: no script for prepublish, continuing
12 verbose tar pack [ 'C:\\Users\\Adam\\AppData\\Roaming\\npm-cache\\iterate-js\\1.0.0\\package.tgz',
12 verbose tar pack   'C:\\Users\\Adam\\Google Drive\\Projects\\iterate.js' ]
13 verbose tarball C:\Users\Adam\AppData\Roaming\npm-cache\iterate-js\1.0.0\package.tgz
14 verbose folder C:\Users\Adam\Google Drive\Projects\iterate.js
15 verbose addLocalTarball adding from inside cache C:\Users\Adam\AppData\Roaming\npm-cache\iterate-js\1.0.0\package.tgz
16 verbose correctMkdir C:\Users\Adam\AppData\Roaming\npm-cache correctMkdir not in flight; initializing
17 silly cache afterAdd iterate-js@1.0.0
18 verbose afterAdd C:\Users\Adam\AppData\Roaming\npm-cache\iterate-js\1.0.0\package\package.json not in flight; writing
19 verbose correctMkdir C:\Users\Adam\AppData\Roaming\npm-cache correctMkdir not in flight; initializing
20 verbose afterAdd C:\Users\Adam\AppData\Roaming\npm-cache\iterate-js\1.0.0\package\package.json written
21 silly publish { name: 'iterate-js',
21 silly publish   version: '1.0.0',
21 silly publish   description: 'Collection of data processing experiments designed for aurelia/node.js and brings in some dearly missed C# features like \'{0}\'.format(\'value\'). Avoid using [BETA] tagged items.',
21 silly publish   main: 'index.js',
21 silly publish   scripts: { test: 'echo "Error: no test specified" && exit 1' },
21 silly publish   repository: { type: 'git', url: 'git://github.com/Malexion/iterate-js.git' },
21 silly publish   keywords: [ 'js', 'filter', 'map', 'each', 'iterator', 'C#' ],
21 silly publish   author: { name: 'Malexion' },
21 silly publish   license: 'ISC',
21 silly publish   devDependencies:
21 silly publish    { 'babel-cli': '^6.10.1',
21 silly publish      'babel-core': '^6.9.1',
21 silly publish      'babel-preset-es2015': '^6.9.0',
21 silly publish      gulp: '^3.9.1',
21 silly publish      'gulp-babel': '^6.1.2',
21 silly publish      'gulp-uglify': '^1.5.3' },
21 silly publish   readme: '# iterate-js\r\n\r\n## Installation\r\n\r\nInstall package with NPM and add it to your development dependencies:\r\n\r\n`npm install iterate-js`\r\n\r\n## Usage\r\n\r\n```javascript\r\nvar __ = require(\'iterate-js\');\r\n\r\n// Iterate over everything\r\n__.all([ \'hello\', \'world\' ], function(x) { console.log(x); });\r\n__.all({ \'hello\': 1, \'world\': 2 }, function(x, y) { console.log(y); });\r\n\r\n// Map array or objects\r\nconsole.log(__.map([ \'hello\', \'world\' ], function(x) { return x; }));\r\n// Map array or object to either or\r\nconsole.log(__.map([ \'hello\', \'world\' ], function(x, y, z) { return { key: y, value: x }; }, { build: {} })); \r\n\r\n// Evaluate anything\r\nconsole.log(__.is.string({}));\r\nconsole.log(__.is.number(\'\'));\r\nconsole.log(__.is.def(null)); // Boolean eval\r\nconsole.log(__.is.set(0)); // Check for null, undefined and NaN\r\nconsole.log(__.flow([]).def().getProperty(\'length\').def().result); // [].length is defined\r\n\r\n// And more\r\n__.all(__, function(x, y) { console.log(y); });\r\n```\r\n\r\n## String\r\nMost valuable string functions\r\n\r\n- `\'\'.format()`\r\n\r\n  A familiar string.format() function.\r\n\r\n- `\'xyz\'.contains(\'X\', true)`\r\n\r\n  A familiar string.contains() with an optional boolean to ignore case.\r\n\r\n## Functions\r\nMost valuable functions\r\n\r\n- `__.all(obj, func, all)`\r\n\r\n  Iterates over any iterable object, arrays, objects, arguments and more.\r\n  - `obj:[Object]`\r\n    Item to be iterated over.\r\n  - `func:[Function]`\r\n    Function passed the following in order: (value, key, optionsObject).\r\n  - `all:[Boolean]`\r\n    Flag to turn off the hasOwnProperty() check.\r\n\r\n- `__.class(construct, methods, inherit)`\r\n\r\n  Class creator, allows the user to create simple inherited classes. Avoid inheriting primitives however.\r\n  - `construct:[Function]`\r\n    Constructor function, passed all arguments, to call super do the following:\r\n    \r\n    ```javascript\r\n    function() {\r\n      MyBaseClass.call(this, ...Extra Args Here...);\r\n    }\r\n    ```\r\n  - `methods:[Object]`\r\n    Object List of Function methods, example as follows.\r\n    \r\n    ```javascript\r\n    {\r\n      count: {\r\n        get: function() { return this.length; },\r\n        set: function(value) { this.length = value; }\r\n      },\r\n      each: function(func) {\r\n        __.all(this, func);\r\n      }\r\n    }\r\n    ```\r\n  - `inherit:[Class/Array]`\r\n    Class or array of classes you want to inherit from.\r\n\r\n- `__.contains(obj, func)`\r\n\r\n  Iterates over any iterable object to find an object or match a condition function.\r\n  - `obj:[Object]`\r\n    Item to be iterated over.\r\n  - `func:[Object/Function]`\r\n    Function passed the following in order: (value, key, optionsObject). Must return true if item is found.\r\n\r\n- `__.filter(obj, func)`\r\n\r\n  Iterates over any object or array and will return a filtered down version.\r\n  - `obj:[Object/Array]`\r\n    Item to be iterated over.\r\n  - `func:[Function]`\r\n    Function passed the following in order: (value, key, optionsObject). Must return true to keep the item.\r\n\r\n- `__.fuse(obj1, obj2, deep, all)`\r\n\r\n  Fuses properties from obj2 onto obj1.\r\n  - `obj1:[Object]`\r\n    Item to be operated on.\r\n  - `obj2:[Object]`\r\n    Item to take from.\r\n  - `deep:[Boolean]`\r\n    Iterate over sub arrays and objects rather than overwrite them.\r\n  - `all:[Boolean]`\r\n    Removes the hasOwnProperty() check.\r\n\r\n- `__.getType(obj)`\r\n\r\n  Gets the base type of any object and returns it as a string: [Object], [String], [Array], [Boolean], etc.\r\n  - `obj:[Object]`\r\n    Item to retrieve the type of.\r\n\r\n- `__.guid(seperator, track)`\r\n\r\n  Generates a unique id.\r\n  - `seperator:[String]`\r\n    String seperator between number sets, default is \'-\'.\r\n  - `track:[Boolean]`\r\n    Boolean to indicate storing guid to ensure it is unique.\r\n\r\n- `__.map(obj, func, e)`\r\n\r\n  Iterates over any iterable object and can map to either an array or object.\r\n  - `obj:[Object]`\r\n    Item to be iterated over.\r\n  - `func:[Function]`\r\n    Function passed the following in order: (value, key, optionsObject).\r\n  - `e:[Object]`\r\n    Base options, here you can pass in a build object, by utilizing the optionsObject param you can populate it however you want.\r\n\r\n- `__.prop(obj, path)`\r\n\r\n  Safely follows the property chain to get the property, undefined if not found.\r\n  - `obj:[Obj]`\r\n    Object to search.\r\n  - `path:[String]`\r\n    Path string to get to the property, EX: \'id\' or \'collection.user.id\'.\r\n\r\n- `__.search(obj, func, options)`\r\n\r\n  Uses the most optimum method to search the object for the condition or object.\r\n  - `obj:[Object]`\r\n    Item to be searched.\r\n  - `func:[Object/Function]`\r\n    Object to be searched for or a Function passed the following in order: (value, key, optionsObject).\r\n  - `options:[Object]`\r\n    Base options, can override retval, remove the hasOwnProperty() check or flag to return the key of the match instead of the value.\r\n\r\n- `__.sort(array, options)`\r\n\r\n  Sorts the array based upon options given, can sort upon multiple options/keys or a single key.\r\n  - `array:[Array]`\r\n    Array to be sorted.\r\n  - `options:[Object/Array]`\r\n    Object or array with two properties, EX: { key: function(x) { return x; }, dir: \'asc\' }. // dir set to anything else will be \'desc\'.\r\n\r\n\r\n\r\n## Classes\r\n\r\n- `new __.lib.ConditionChain()`\r\n  \r\n  Object spawned by __.flow() for chaining conditions onto an object.\r\n\r\n- `new __.lib.StringParser()`\r\n\r\n  Base framework for a string parser.\r\n\r\n- `new __.lib.StyleParser()`\r\n\r\n  Can parse css styles to json and back to string or vise versa.\r\n\r\n- `new __.lib.AttrParser()`\r\n\r\n  Can parse attrbutes to json and back to string or vise versa.\r\n\r\n- `new __.lib.Overwrite()`\r\n\r\n  Payload delivery for __.fuse() while deep copying to overwrite an array or object despite the deep iterate flag.\r\n\r\n- `new __.lib.Config()`\r\n\r\n  Config manager, with update functionality and update handler hooks.\r\n\r\n- `new __.lib.StopWatch()`\r\n\r\n  Event based stopwatch, with start, stop, reset and a configurable tick time as well as an ontick event.\r\n\r\n- `new __.lib.Enumerable()`\r\n\r\n  Base class for filling missing .keys() and .values() functionality.\r\n\r\n- `new __.lib.List()`\r\n\r\n  Inherits Enumerable, considerably more inefficient than an array but a crazy attempt at a fully javascript version.\r\n\r\n- `new __.lib.Dictionary()`\r\n\r\n  Inherits Enumerable, basic object map with syntactic sugar.\r\n\r\n',
21 silly publish   readmeFilename: 'README.md',
21 silly publish   gitHead: '5287a773f1f876a8299a9ad9cc6e751daf9f381b',
21 silly publish   bugs: { url: 'https://github.com/Malexion/iterate-js/issues' },
21 silly publish   homepage: 'https://github.com/Malexion/iterate-js#readme',
21 silly publish   _id: 'iterate-js@1.0.0',
21 silly publish   _shasum: 'f37c87976bfa3fe330dfc214d43cde30caa1d745',
21 silly publish   _from: '.' }
22 verbose getPublishConfig undefined
23 silly mapToRegistry name iterate-js
24 silly mapToRegistry using default registry
25 silly mapToRegistry registry https://registry.npmjs.org/
26 silly mapToRegistry data Result {
26 silly mapToRegistry   raw: 'iterate-js',
26 silly mapToRegistry   scope: null,
26 silly mapToRegistry   name: 'iterate-js',
26 silly mapToRegistry   rawSpec: '',
26 silly mapToRegistry   spec: 'latest',
26 silly mapToRegistry   type: 'tag' }
27 silly mapToRegistry uri https://registry.npmjs.org/iterate-js
28 verbose publish registryBase https://registry.npmjs.org/
29 silly publish uploading C:\Users\Adam\AppData\Roaming\npm-cache\iterate-js\1.0.0\package.tgz
30 verbose request uri https://registry.npmjs.org/iterate-js
31 verbose request sending authorization for write operation
32 info attempt registry request try #1 at 11:34:56 AM
33 verbose request using bearer token for auth
34 verbose request id f65b24faf91b5d64
35 http request PUT https://registry.npmjs.org/iterate-js
36 http 403 https://registry.npmjs.org/iterate-js
37 verbose headers { 'content-type': 'application/json',
37 verbose headers   'cache-control': 'max-age=300',
37 verbose headers   'content-length': '95',
37 verbose headers   'accept-ranges': 'bytes',
37 verbose headers   date: 'Wed, 22 Jun 2016 16:34:56 GMT',
37 verbose headers   via: '1.1 varnish',
37 verbose headers   connection: 'keep-alive',
37 verbose headers   'x-served-by': 'cache-ord1720-ORD',
37 verbose headers   'x-cache': 'MISS',
37 verbose headers   'x-cache-hits': '0',
37 verbose headers   'x-timer': 'S1466613295.493610,VS0,VE970',
37 verbose headers   vary: 'Accept-Encoding' }
38 verbose request invalidating C:\Users\Adam\AppData\Roaming\npm-cache\registry.npmjs.org\iterate-js on PUT
39 error publish Failed PUT 403
40 verbose stack Error: "You cannot publish over the previously published version 1.0.0." : iterate-js
40 verbose stack     at makeError (C:\Program Files\nodejs\node_modules\npm\node_modules\npm-registry-client\lib\request.js:264:12)
40 verbose stack     at CachingRegistryClient.<anonymous> (C:\Program Files\nodejs\node_modules\npm\node_modules\npm-registry-client\lib\request.js:252:14)
40 verbose stack     at Request._callback (C:\Program Files\nodejs\node_modules\npm\node_modules\npm-registry-client\lib\request.js:172:14)
40 verbose stack     at Request.self.callback (C:\Program Files\nodejs\node_modules\npm\node_modules\request\request.js:199:22)
40 verbose stack     at emitTwo (events.js:100:13)
40 verbose stack     at Request.emit (events.js:185:7)
40 verbose stack     at Request.<anonymous> (C:\Program Files\nodejs\node_modules\npm\node_modules\request\request.js:1036:10)
40 verbose stack     at emitOne (events.js:95:20)
40 verbose stack     at Request.emit (events.js:182:7)
40 verbose stack     at IncomingMessage.<anonymous> (C:\Program Files\nodejs\node_modules\npm\node_modules\request\request.js:963:12)
41 verbose statusCode 403
42 verbose pkgid iterate-js
43 verbose cwd C:\Users\Adam\Google Drive\Projects\iterate.js
44 error Windows_NT 6.3.9600
45 error argv "C:\\Program Files\\nodejs\\node.exe" "C:\\Program Files\\nodejs\\node_modules\\npm\\bin\\npm-cli.js" "publish"
46 error node v5.10.0
47 error npm  v3.8.3
48 error code E403
49 error "You cannot publish over the previously published version 1.0.0." : iterate-js
50 error If you need help, you may report this error at:
50 error     <https://github.com/npm/npm/issues>
51 verbose exit [ 1, true ]
